
*** Running vivado
    with args -log RISCV32I.vds -m64 -product Vivado -mode batch -messageDb vivado.pb -notrace -source RISCV32I.tcl



****** Vivado v2021.1 (64-bit)
  **** SW Build 3247384 on Thu Jun 10 19:36:33 MDT 2021
  **** IP Build 3246043 on Fri Jun 11 00:30:35 MDT 2021
    ** Copyright 1986-2021 Xilinx, Inc. All Rights Reserved.

source RISCV32I.tcl -notrace
Command: synth_design -top RISCV32I -part xc7z010clg400-2
Starting synth_design
Attempting to get a license for feature 'Synthesis' and/or device 'xc7z010'
INFO: [Common 17-349] Got license for feature 'Synthesis' and/or device 'xc7z010'
INFO: [Synth 8-7079] Multithreading enabled for synth_design using a maximum of 2 processes.
INFO: [Synth 8-7078] Launching helper process for spawning children vivado processes
INFO: [Synth 8-7075] Helper process launched with PID 17860
---------------------------------------------------------------------------------
Starting Synthesize : Time (s): cpu = 00:00:02 ; elapsed = 00:00:04 . Memory (MB): peak = 1144.605 ; gain = 0.000
---------------------------------------------------------------------------------
INFO: [Synth 8-6157] synthesizing module 'RISCV32I' [C:/Users/acham/Documents/GitHub/RISCV32-SingleCycle-NonPipelined-Processor/RISCV32I-SingleCycleProcessor.srcs/sources_1/new/RISCV32I.sv:3]
INFO: [Synth 8-6157] synthesizing module 'PC' [C:/Users/acham/Documents/GitHub/RISCV32-SingleCycle-NonPipelined-Processor/RISCV32I-SingleCycleProcessor.srcs/sources_1/new/PC.sv:3]
INFO: [Synth 8-6155] done synthesizing module 'PC' (1#1) [C:/Users/acham/Documents/GitHub/RISCV32-SingleCycle-NonPipelined-Processor/RISCV32I-SingleCycleProcessor.srcs/sources_1/new/PC.sv:3]
INFO: [Synth 8-6157] synthesizing module 'InstructionMemory' [C:/Users/acham/Documents/GitHub/RISCV32-SingleCycle-NonPipelined-Processor/RISCV32I-SingleCycleProcessor.srcs/sources_1/new/InstructionMemory.sv:3]
INFO: [Synth 8-6155] done synthesizing module 'InstructionMemory' (2#1) [C:/Users/acham/Documents/GitHub/RISCV32-SingleCycle-NonPipelined-Processor/RISCV32I-SingleCycleProcessor.srcs/sources_1/new/InstructionMemory.sv:3]
INFO: [Synth 8-6157] synthesizing module 'RegFile' [C:/Users/acham/Documents/GitHub/RISCV32-SingleCycle-NonPipelined-Processor/RISCV32I-SingleCycleProcessor.srcs/sources_1/new/RegFile.sv:3]
INFO: [Synth 8-6155] done synthesizing module 'RegFile' (3#1) [C:/Users/acham/Documents/GitHub/RISCV32-SingleCycle-NonPipelined-Processor/RISCV32I-SingleCycleProcessor.srcs/sources_1/new/RegFile.sv:3]
INFO: [Synth 8-6157] synthesizing module 'ALU' [C:/Users/acham/Documents/GitHub/RISCV32-SingleCycle-NonPipelined-Processor/RISCV32I-SingleCycleProcessor.srcs/sources_1/new/ALU.sv:3]
INFO: [Synth 8-6155] done synthesizing module 'ALU' (4#1) [C:/Users/acham/Documents/GitHub/RISCV32-SingleCycle-NonPipelined-Processor/RISCV32I-SingleCycleProcessor.srcs/sources_1/new/ALU.sv:3]
INFO: [Synth 8-6157] synthesizing module 'ControllerROM' [C:/Users/acham/Documents/GitHub/RISCV32-SingleCycle-NonPipelined-Processor/RISCV32I-SingleCycleProcessor.srcs/sources_1/new/ControllerROM.sv:3]
INFO: [Synth 8-226] default block is never used [C:/Users/acham/Documents/GitHub/RISCV32-SingleCycle-NonPipelined-Processor/RISCV32I-SingleCycleProcessor.srcs/sources_1/new/ControllerROM.sv:30]
INFO: [Synth 8-6155] done synthesizing module 'ControllerROM' (5#1) [C:/Users/acham/Documents/GitHub/RISCV32-SingleCycle-NonPipelined-Processor/RISCV32I-SingleCycleProcessor.srcs/sources_1/new/ControllerROM.sv:3]
INFO: [Synth 8-6157] synthesizing module 'ImmGen' [C:/Users/acham/Documents/GitHub/RISCV32-SingleCycle-NonPipelined-Processor/RISCV32I-SingleCycleProcessor.srcs/sources_1/new/ImmGen.sv:3]
INFO: [Synth 8-6155] done synthesizing module 'ImmGen' (6#1) [C:/Users/acham/Documents/GitHub/RISCV32-SingleCycle-NonPipelined-Processor/RISCV32I-SingleCycleProcessor.srcs/sources_1/new/ImmGen.sv:3]
INFO: [Synth 8-6157] synthesizing module 'Mux2' [C:/Users/acham/Documents/GitHub/RISCV32-SingleCycle-NonPipelined-Processor/RISCV32I-SingleCycleProcessor.srcs/sources_1/new/Mux2.sv:3]
INFO: [Synth 8-6155] done synthesizing module 'Mux2' (7#1) [C:/Users/acham/Documents/GitHub/RISCV32-SingleCycle-NonPipelined-Processor/RISCV32I-SingleCycleProcessor.srcs/sources_1/new/Mux2.sv:3]
INFO: [Synth 8-6157] synthesizing module 'DataMemory' [C:/Users/acham/Documents/GitHub/RISCV32-SingleCycle-NonPipelined-Processor/RISCV32I-SingleCycleProcessor.srcs/sources_1/new/DataMemory.sv:3]
INFO: [Synth 8-6155] done synthesizing module 'DataMemory' (8#1) [C:/Users/acham/Documents/GitHub/RISCV32-SingleCycle-NonPipelined-Processor/RISCV32I-SingleCycleProcessor.srcs/sources_1/new/DataMemory.sv:3]
INFO: [Synth 8-6157] synthesizing module 'Mux4' [C:/Users/acham/Documents/GitHub/RISCV32-SingleCycle-NonPipelined-Processor/RISCV32I-SingleCycleProcessor.srcs/sources_1/new/Mux4.sv:3]
INFO: [Synth 8-226] default block is never used [C:/Users/acham/Documents/GitHub/RISCV32-SingleCycle-NonPipelined-Processor/RISCV32I-SingleCycleProcessor.srcs/sources_1/new/Mux4.sv:10]
INFO: [Synth 8-6155] done synthesizing module 'Mux4' (9#1) [C:/Users/acham/Documents/GitHub/RISCV32-SingleCycle-NonPipelined-Processor/RISCV32I-SingleCycleProcessor.srcs/sources_1/new/Mux4.sv:3]
INFO: [Synth 8-6157] synthesizing module 'BranchComparator' [C:/Users/acham/Documents/GitHub/RISCV32-SingleCycle-NonPipelined-Processor/RISCV32I-SingleCycleProcessor.srcs/sources_1/new/BranchComparator.sv:3]
INFO: [Synth 8-6155] done synthesizing module 'BranchComparator' (10#1) [C:/Users/acham/Documents/GitHub/RISCV32-SingleCycle-NonPipelined-Processor/RISCV32I-SingleCycleProcessor.srcs/sources_1/new/BranchComparator.sv:3]
INFO: [Synth 8-6155] done synthesizing module 'RISCV32I' (11#1) [C:/Users/acham/Documents/GitHub/RISCV32-SingleCycle-NonPipelined-Processor/RISCV32I-SingleCycleProcessor.srcs/sources_1/new/RISCV32I.sv:3]
---------------------------------------------------------------------------------
Finished Synthesize : Time (s): cpu = 00:00:03 ; elapsed = 00:00:05 . Memory (MB): peak = 1144.605 ; gain = 0.000
---------------------------------------------------------------------------------
---------------------------------------------------------------------------------
Finished Constraint Validation : Time (s): cpu = 00:00:03 ; elapsed = 00:00:06 . Memory (MB): peak = 1144.605 ; gain = 0.000
---------------------------------------------------------------------------------
---------------------------------------------------------------------------------
Start Loading Part and Timing Information
---------------------------------------------------------------------------------
Loading part: xc7z010clg400-2
---------------------------------------------------------------------------------
Finished Loading Part and Timing Information : Time (s): cpu = 00:00:03 ; elapsed = 00:00:06 . Memory (MB): peak = 1144.605 ; gain = 0.000
---------------------------------------------------------------------------------
INFO: [Device 21-403] Loading part xc7z010clg400-2
---------------------------------------------------------------------------------
Finished RTL Optimization Phase 2 : Time (s): cpu = 00:00:13 ; elapsed = 00:00:25 . Memory (MB): peak = 1144.605 ; gain = 0.000
---------------------------------------------------------------------------------
No constraint files found.
---------------------------------------------------------------------------------
Start RTL Component Statistics 
---------------------------------------------------------------------------------
Detailed RTL Component Info : 
+---Adders : 
	   2 Input   32 Bit       Adders := 3     
	   3 Input   32 Bit       Adders := 1     
+---XORs : 
	   2 Input     32 Bit         XORs := 1     
+---Registers : 
	               32 Bit    Registers := 97    
+---Multipliers : 
	              32x32  Multipliers := 1     
+---Muxes : 
	   2 Input   32 Bit        Muxes := 490   
	   4 Input   32 Bit        Muxes := 65    
	   9 Input   32 Bit        Muxes := 1     
	  33 Input   32 Bit        Muxes := 2     
	   5 Input   32 Bit        Muxes := 1     
	   3 Input   32 Bit        Muxes := 1     
	   2 Input   16 Bit        Muxes := 1     
	   4 Input   16 Bit        Muxes := 2     
	   7 Input   16 Bit        Muxes := 1     
	   5 Input    3 Bit        Muxes := 1     
	   7 Input    2 Bit        Muxes := 1     
	   2 Input    1 Bit        Muxes := 136   
	   3 Input    1 Bit        Muxes := 1     
---------------------------------------------------------------------------------
Finished RTL Component Statistics 
---------------------------------------------------------------------------------
---------------------------------------------------------------------------------
Start Part Resource Summary
---------------------------------------------------------------------------------
Part Resources:
DSPs: 80 (col length:40)
BRAMs: 120 (col length: RAMB18 40 RAMB36 20)
---------------------------------------------------------------------------------
Finished Part Resource Summary
---------------------------------------------------------------------------------
No constraint files found.
---------------------------------------------------------------------------------
Start Cross Boundary and Area Optimization
---------------------------------------------------------------------------------
DSP Report: Generating DSP ALUout0, operation Mode is: A*B.
DSP Report: operator ALUout0 is absorbed into DSP ALUout0.
DSP Report: operator ALUout0 is absorbed into DSP ALUout0.
DSP Report: Generating DSP ALUout0, operation Mode is: (PCIN>>17)+A*B.
DSP Report: operator ALUout0 is absorbed into DSP ALUout0.
DSP Report: operator ALUout0 is absorbed into DSP ALUout0.
DSP Report: Generating DSP ALUout0, operation Mode is: A*B.
DSP Report: operator ALUout0 is absorbed into DSP ALUout0.
DSP Report: operator ALUout0 is absorbed into DSP ALUout0.
DSP Report: Generating DSP ALUout0, operation Mode is: (PCIN>>17)+A*B.
DSP Report: operator ALUout0 is absorbed into DSP ALUout0.
DSP Report: operator ALUout0 is absorbed into DSP ALUout0.
---------------------------------------------------------------------------------
Finished Cross Boundary and Area Optimization : Time (s): cpu = 00:00:31 ; elapsed = 00:01:08 . Memory (MB): peak = 1222.461 ; gain = 77.855
---------------------------------------------------------------------------------
---------------------------------------------------------------------------------
Start ROM, RAM, DSP, Shift Register and Retiming Reporting
---------------------------------------------------------------------------------

DSP: Preliminary Mapping Report (see note below)
+------------+----------------+--------+--------+--------+--------+--------+------+------+------+------+-------+------+------+
|Module Name | DSP Mapping    | A Size | B Size | C Size | D Size | P Size | AREG | BREG | CREG | DREG | ADREG | MREG | PREG | 
+------------+----------------+--------+--------+--------+--------+--------+------+------+------+------+-------+------+------+
|ALU         | A*B            | 18     | 16     | -      | -      | 48     | 0    | 0    | -    | -    | -     | 0    | 0    | 
|ALU         | (PCIN>>17)+A*B | 16     | 16     | -      | -      | 48     | 0    | 0    | -    | -    | -     | 0    | 0    | 
|ALU         | A*B            | 18     | 18     | -      | -      | 48     | 0    | 0    | -    | -    | -     | 0    | 0    | 
|ALU         | (PCIN>>17)+A*B | 18     | 16     | -      | -      | 48     | 0    | 0    | -    | -    | -     | 0    | 0    | 
+------------+----------------+--------+--------+--------+--------+--------+------+------+------+------+-------+------+------+

Note: The table above is a preliminary report that shows the DSPs inferred at the current stage of the synthesis flow. Some DSP may be reimplemented as non DSP primitives later in the synthesis flow. Multiple instantiated DSPs are reported only once.
---------------------------------------------------------------------------------
Finished ROM, RAM, DSP, Shift Register and Retiming Reporting
---------------------------------------------------------------------------------
No constraint files found.
---------------------------------------------------------------------------------
Start Timing Optimization
---------------------------------------------------------------------------------
---------------------------------------------------------------------------------
Finished Timing Optimization : Time (s): cpu = 00:00:31 ; elapsed = 00:01:08 . Memory (MB): peak = 1222.461 ; gain = 77.855
---------------------------------------------------------------------------------
---------------------------------------------------------------------------------
Start Technology Mapping
---------------------------------------------------------------------------------
---------------------------------------------------------------------------------
Finished Technology Mapping : Time (s): cpu = 00:00:34 ; elapsed = 00:01:12 . Memory (MB): peak = 1222.461 ; gain = 77.855
---------------------------------------------------------------------------------
---------------------------------------------------------------------------------
Start IO Insertion
---------------------------------------------------------------------------------
---------------------------------------------------------------------------------
Start Flattening Before IO Insertion
---------------------------------------------------------------------------------
---------------------------------------------------------------------------------
Finished Flattening Before IO Insertion
---------------------------------------------------------------------------------
---------------------------------------------------------------------------------
Start Final Netlist Cleanup
---------------------------------------------------------------------------------
---------------------------------------------------------------------------------
Finished Final Netlist Cleanup
---------------------------------------------------------------------------------
---------------------------------------------------------------------------------
Finished IO Insertion : Time (s): cpu = 00:00:35 ; elapsed = 00:01:15 . Memory (MB): peak = 1222.461 ; gain = 77.855
---------------------------------------------------------------------------------
---------------------------------------------------------------------------------
Start Renaming Generated Instances
---------------------------------------------------------------------------------
---------------------------------------------------------------------------------
Finished Renaming Generated Instances : Time (s): cpu = 00:00:35 ; elapsed = 00:01:15 . Memory (MB): peak = 1222.461 ; gain = 77.855
---------------------------------------------------------------------------------
---------------------------------------------------------------------------------
Start Rebuilding User Hierarchy
---------------------------------------------------------------------------------
---------------------------------------------------------------------------------
Finished Rebuilding User Hierarchy : Time (s): cpu = 00:00:35 ; elapsed = 00:01:15 . Memory (MB): peak = 1222.461 ; gain = 77.855
---------------------------------------------------------------------------------
---------------------------------------------------------------------------------
Start Renaming Generated Ports
---------------------------------------------------------------------------------
---------------------------------------------------------------------------------
Finished Renaming Generated Ports : Time (s): cpu = 00:00:36 ; elapsed = 00:01:16 . Memory (MB): peak = 1222.461 ; gain = 77.855
---------------------------------------------------------------------------------
---------------------------------------------------------------------------------
Start Handling Custom Attributes
---------------------------------------------------------------------------------
---------------------------------------------------------------------------------
Finished Handling Custom Attributes : Time (s): cpu = 00:00:36 ; elapsed = 00:01:16 . Memory (MB): peak = 1222.461 ; gain = 77.855
---------------------------------------------------------------------------------
---------------------------------------------------------------------------------
Start Renaming Generated Nets
---------------------------------------------------------------------------------
---------------------------------------------------------------------------------
Finished Renaming Generated Nets : Time (s): cpu = 00:00:36 ; elapsed = 00:01:16 . Memory (MB): peak = 1222.461 ; gain = 77.855
---------------------------------------------------------------------------------
---------------------------------------------------------------------------------
Start Writing Synthesis Report
---------------------------------------------------------------------------------

Report BlackBoxes: 
+-+--------------+----------+
| |BlackBox name |Instances |
+-+--------------+----------+
+-+--------------+----------+

Report Cell Usage: 
+------+--------+------+
|      |Cell    |Count |
+------+--------+------+
|1     |BUFG    |     1|
|2     |CARRY4  |    20|
|3     |DSP48E1 |     3|
|4     |LUT1    |   119|
|5     |LUT2    |    79|
|6     |LUT3    |   117|
|7     |LUT4    |   934|
|8     |LUT5    |   858|
|9     |LUT6    |  1457|
|10    |MUXF7   |   156|
|11    |MUXF8   |    61|
|12    |FDRE    |  1896|
|13    |FDSE    |   406|
|14    |IBUF    |     4|
|15    |OBUF    |    32|
+------+--------+------+

Report Instance Areas: 
+------+----------+-----------+------+
|      |Instance  |Module     |Cells |
+------+----------+-----------+------+
|1     |top       |           |  6143|
|2     |  alu     |ALU        |    30|
|3     |  dataMem |DataMemory |  2855|
|4     |  pc      |PC         |  2818|
|5     |  regFile |RegFile    |   342|
+------+----------+-----------+------+
---------------------------------------------------------------------------------
Finished Writing Synthesis Report : Time (s): cpu = 00:00:36 ; elapsed = 00:01:16 . Memory (MB): peak = 1222.461 ; gain = 77.855
---------------------------------------------------------------------------------
Synthesis finished with 0 errors, 0 critical warnings and 0 warnings.
Synthesis Optimization Runtime : Time (s): cpu = 00:00:36 ; elapsed = 00:01:16 . Memory (MB): peak = 1222.461 ; gain = 77.855
Synthesis Optimization Complete : Time (s): cpu = 00:00:36 ; elapsed = 00:01:16 . Memory (MB): peak = 1222.461 ; gain = 77.855
INFO: [Project 1-571] Translating synthesized netlist
Netlist sorting complete. Time (s): cpu = 00:00:00 ; elapsed = 00:00:00.055 . Memory (MB): peak = 1222.461 ; gain = 0.000
INFO: [Netlist 29-17] Analyzing 240 Unisim elements for replacement
INFO: [Netlist 29-28] Unisim Transformation completed in 0 CPU seconds
INFO: [Project 1-570] Preparing netlist for logic optimization
INFO: [Opt 31-138] Pushed 0 inverter(s) to 0 load pin(s).
Netlist sorting complete. Time (s): cpu = 00:00:00 ; elapsed = 00:00:00.001 . Memory (MB): peak = 1222.461 ; gain = 0.000
INFO: [Project 1-111] Unisim Transformation Summary:
No Unisim elements were transformed.

Synth Design complete, checksum: fd771c8a
INFO: [Common 17-83] Releasing license: Synthesis
36 Infos, 0 Warnings, 0 Critical Warnings and 0 Errors encountered.
synth_design completed successfully
synth_design: Time (s): cpu = 00:00:37 ; elapsed = 00:01:19 . Memory (MB): peak = 1222.461 ; gain = 77.855
INFO: [Common 17-1381] The checkpoint 'C:/Users/acham/Documents/GitHub/RISCV32-SingleCycle-NonPipelined-Processor/RISCV32I-SingleCycleProcessor.runs/synth_1/RISCV32I.dcp' has been generated.
INFO: [runtcl-4] Executing : report_utilization -file RISCV32I_utilization_synth.rpt -pb RISCV32I_utilization_synth.pb
INFO: [Common 17-206] Exiting Vivado at Mon Oct 16 23:15:10 2023...
