Vivado Simulator v2021.1
Copyright 1986-1999, 2001-2021 Xilinx, Inc. All Rights Reserved.
Running: C:/Xilinx/Vivado/2021.1/bin/unwrapped/win64.o/xelab.exe -wto cafeb44a0f2545c580f910f7c9eb83eb --incr --debug typical --relax --mt 2 -L xil_defaultlib -L uvm -L unisims_ver -L unimacro_ver -L secureip --snapshot Store_behav xil_defaultlib.Store xil_defaultlib.glbl -log elaborate.log 
Using 2 slave threads.
Starting static elaboration
Pass Through NonSizing Optimizer
WARNING: [VRFC 10-3823] variable 'RegWrite' might have multiple concurrent drivers [C:/Users/acham/Documents/GitHub/RISCV32-SingleCycle-NonPipelined-Processor/RISCV32I-SingleCycleProcessor.srcs/sources_1/new/Controller.sv:57]
WARNING: [VRFC 10-3823] variable 'read_data' might have multiple concurrent drivers [C:/Users/acham/Documents/GitHub/RISCV32-SingleCycle-NonPipelined-Processor/RISCV32I-SingleCycleProcessor.srcs/sources_1/new/DataMemory.sv:41]
Completed static elaboration
Starting simulation data flow analysis
Completed simulation data flow analysis
Time Resolution for simulation is 1ps
Compiling module xil_defaultlib.PC
Compiling module xil_defaultlib.InstructionMemory
Compiling module xil_defaultlib.RegFile
Compiling module xil_defaultlib.ALU
Compiling module xil_defaultlib.Controller
Compiling module xil_defaultlib.ImmGen
Compiling module xil_defaultlib.Mux2
Compiling module xil_defaultlib.DataMemory
Compiling module xil_defaultlib.Store
Compiling module xil_defaultlib.glbl
Built simulation snapshot Store_behav
